<?xml version="1.0" encoding="UTF-8"?>
<testng-results skipped="0" failed="0" total="4" passed="4">
  <reporter-output>
  </reporter-output>
  <suite name="Default suite" duration-ms="37270" started-at="2015-04-21T17:47:04Z" finished-at="2015-04-21T17:47:41Z">
    <groups>
    </groups>
    <test name="Default test" duration-ms="37270" started-at="2015-04-21T17:47:04Z" finished-at="2015-04-21T17:47:41Z">
      <class name="com.example.tests.ContactCreationTests">
        <test-method status="PASS" signature="testEmptyContactCreation()[pri:0, instance:com.example.tests.ContactCreationTests@73035e27]" name="testEmptyContactCreation" duration-ms="7723" started-at="2015-04-21T14:47:24Z" finished-at="2015-04-21T14:47:32Z">
          <reporter-output>
          </reporter-output>
        </test-method> <!-- testEmptyContactCreation -->
        <test-method status="PASS" signature="testNonEmptyContactCreation()[pri:0, instance:com.example.tests.ContactCreationTests@73035e27]" name="testNonEmptyContactCreation" duration-ms="8594" started-at="2015-04-21T14:47:32Z" finished-at="2015-04-21T14:47:40Z">
          <reporter-output>
          </reporter-output>
        </test-method> <!-- testNonEmptyContactCreation -->
      </class> <!-- com.example.tests.ContactCreationTests -->
      <class name="com.example.tests.TestBase">
        <test-method status="PASS" signature="setUp()[pri:0, instance:com.example.tests.TestBase@50cbc42f]" name="setUp" is-config="true" duration-ms="11474" started-at="2015-04-21T14:47:04Z" finished-at="2015-04-21T14:47:15Z">
          <reporter-output>
          </reporter-output>
        </test-method> <!-- setUp -->
        <test-method status="PASS" signature="tearDown()[pri:0, instance:com.example.tests.TestBase@50cbc42f]" name="tearDown" is-config="true" duration-ms="577" started-at="2015-04-21T14:47:40Z" finished-at="2015-04-21T14:47:41Z">
          <reporter-output>
          </reporter-output>
        </test-method> <!-- tearDown -->
      </class> <!-- com.example.tests.TestBase -->
      <class name="com.example.tests.GroupCreationTests">
        <test-method status="PASS" signature="testEmptyGroupCreation()[pri:0, instance:com.example.tests.GroupCreationTests@3ecf72fd]" name="testEmptyGroupCreation" duration-ms="4976" started-at="2015-04-21T14:47:15Z" finished-at="2015-04-21T14:47:20Z">
          <reporter-output>
          </reporter-output>
        </test-method> <!-- testEmptyGroupCreation -->
        <test-method status="PASS" signature="testNonEmptyGroupCreation()[pri:0, instance:com.example.tests.GroupCreationTests@3ecf72fd]" name="testNonEmptyGroupCreation" duration-ms="3879" started-at="2015-04-21T14:47:20Z" finished-at="2015-04-21T14:47:24Z">
          <reporter-output>
          </reporter-output>
        </test-method> <!-- testNonEmptyGroupCreation -->
      </class> <!-- com.example.tests.GroupCreationTests -->
    </test> <!-- Default test -->
  </suite> <!-- Default suite -->
</testng-results>
