<?xml version="1.0" encoding="UTF-8"?>
<!-- Generated by org.testng.reporters.JUnitXMLReporter -->
<testsuite hostname="1-HP" name="Default test" tests="4" failures="0" timestamp="21 Apr 2015 17:47:41 GMT" time="37.27" errors="0">
  <testcase name="testEmptyGroupCreation" time="4.976" classname="com.example.tests.GroupCreationTests"/>
  <testcase name="testNonEmptyGroupCreation" time="3.879" classname="com.example.tests.GroupCreationTests"/>
  <testcase name="testEmptyContactCreation" time="7.723" classname="com.example.tests.ContactCreationTests"/>
  <testcase name="testNonEmptyContactCreation" time="8.594" classname="com.example.tests.ContactCreationTests"/>
</testsuite> <!-- Default test -->
